appSrc/app/build/intermediates/manifest_merge_blame_file/release/manifest-merger-blame-release-report.txt
1<?xml version="1.0" encoding="utf-8"?>
2<manifest xmlns:android="http://schemas.android.com/apk/res/android"
3    package="com.aiclothes.app"
4    android:versionCode="1"
5    android:versionName="1.0" >
6
7    <uses-sdk
8        android:minSdkVersion="24"
9        android:targetSdkVersion="34" />
10
11    <uses-permission android:name="android.permission.INTERNET" />
11-->src/main/AndroidManifest.xml:5:5-67
11-->src/main/AndroidManifest.xml:5:22-64
12    <uses-permission android:name="android.permission.ACCESS_NETWORK_STATE" />
12-->src/main/AndroidManifest.xml:6:5-79
12-->src/main/AndroidManifest.xml:6:22-76
13    <uses-permission android:name="android.permission.READ_EXTERNAL_STORAGE" />
13-->src/main/AndroidManifest.xml:7:5-80
13-->src/main/AndroidManifest.xml:7:22-77
14    <uses-permission android:name="android.permission.WRITE_EXTERNAL_STORAGE" />
14-->src/main/AndroidManifest.xml:8:5-81
14-->src/main/AndroidManifest.xml:8:22-78
15    <uses-permission android:name="android.permission.CAMERA" />
15-->src/main/AndroidManifest.xml:9:5-65
15-->src/main/AndroidManifest.xml:9:22-62
16    <uses-permission android:name="android.permission.READ_MEDIA_IMAGES" />
16-->src/main/AndroidManifest.xml:10:5-76
16-->src/main/AndroidManifest.xml:10:22-73
17    <uses-permission android:name="android.permission.ACCESS_FINE_LOCATION" />
17-->src/main/AndroidManifest.xml:11:5-79
17-->src/main/AndroidManifest.xml:11:22-76
18    <uses-permission android:name="android.permission.ACCESS_COARSE_LOCATION" />
18-->src/main/AndroidManifest.xml:12:5-81
18-->src/main/AndroidManifest.xml:12:22-78
19
20    <!-- 声明相机硬件特性为可选，以支持ChromeOS等设备 -->
21    <uses-feature
21-->src/main/AndroidManifest.xml:15:5-85
22        android:name="android.hardware.camera"
22-->src/main/AndroidManifest.xml:15:19-57
23        android:required="false" />
23-->src/main/AndroidManifest.xml:15:58-82
24    <uses-feature
24-->src/main/AndroidManifest.xml:16:5-95
25        android:name="android.hardware.camera.autofocus"
25-->src/main/AndroidManifest.xml:16:19-67
26        android:required="false" />
26-->src/main/AndroidManifest.xml:16:68-92
27
28    <permission
28-->[androidx.core:core:1.9.0] AndroidManifest.xml:22:5-24:47
29        android:name="com.aiclothes.app.DYNAMIC_RECEIVER_NOT_EXPORTED_PERMISSION"
29-->[androidx.core:core:1.9.0] AndroidManifest.xml:23:9-81
30        android:protectionLevel="signature" />
30-->[androidx.core:core:1.9.0] AndroidManifest.xml:24:9-44
31
32    <uses-permission android:name="com.aiclothes.app.DYNAMIC_RECEIVER_NOT_EXPORTED_PERMISSION" />
32-->[androidx.core:core:1.9.0] AndroidManifest.xml:26:5-97
32-->[androidx.core:core:1.9.0] AndroidManifest.xml:26:22-94
33
34    <application
34-->src/main/AndroidManifest.xml:18:5-61:19
35        android:allowBackup="true"
35-->src/main/AndroidManifest.xml:19:9-35
36        android:appComponentFactory="androidx.core.app.CoreComponentFactory"
36-->[androidx.core:core:1.9.0] AndroidManifest.xml:28:18-86
37        android:dataExtractionRules="@xml/data_extraction_rules"
37-->src/main/AndroidManifest.xml:20:9-65
38        android:extractNativeLibs="false"
39        android:fullBackupContent="@xml/backup_rules"
39-->src/main/AndroidManifest.xml:21:9-54
40        android:icon="@drawable/app_logo"
40-->src/main/AndroidManifest.xml:22:9-42
41        android:label="@string/app_name"
41-->src/main/AndroidManifest.xml:23:9-41
42        android:roundIcon="@drawable/app_logo"
42-->src/main/AndroidManifest.xml:24:9-47
43        android:supportsRtl="true"
43-->src/main/AndroidManifest.xml:25:9-35
44        android:theme="@style/Theme.AIClothes"
44-->src/main/AndroidManifest.xml:26:9-47
45        android:usesCleartextTraffic="true" >
45-->src/main/AndroidManifest.xml:27:9-44
46        <activity
46-->src/main/AndroidManifest.xml:30:9-39:20
47            android:name="com.aiclothes.app.activity.MainActivity"
47-->src/main/AndroidManifest.xml:31:13-50
48            android:exported="true"
48-->src/main/AndroidManifest.xml:32:13-36
49            android:theme="@style/Theme.AIClothes.NoActionBar"
49-->src/main/AndroidManifest.xml:34:13-63
50            android:windowSoftInputMode="adjustPan" >
50-->src/main/AndroidManifest.xml:33:13-52
51            <intent-filter>
51-->src/main/AndroidManifest.xml:35:13-38:29
52                <action android:name="android.intent.action.MAIN" />
52-->src/main/AndroidManifest.xml:36:17-69
52-->src/main/AndroidManifest.xml:36:25-66
53
54                <category android:name="android.intent.category.LAUNCHER" />
54-->src/main/AndroidManifest.xml:37:17-77
54-->src/main/AndroidManifest.xml:37:27-74
55            </intent-filter>
56        </activity>
57        <activity
57-->src/main/AndroidManifest.xml:41:9-44:66
58            android:name="com.aiclothes.app.activity.LoginActivity"
58-->src/main/AndroidManifest.xml:42:13-51
59            android:exported="false"
59-->src/main/AndroidManifest.xml:43:13-37
60            android:theme="@style/Theme.AIClothes.NoActionBar" />
60-->src/main/AndroidManifest.xml:44:13-63
61        <activity
61-->src/main/AndroidManifest.xml:46:9-49:66
62            android:name="com.aiclothes.app.activity.RegisterActivity"
62-->src/main/AndroidManifest.xml:47:13-54
63            android:exported="false"
63-->src/main/AndroidManifest.xml:48:13-37
64            android:theme="@style/Theme.AIClothes.NoActionBar" />
64-->src/main/AndroidManifest.xml:49:13-63
65
66        <provider
67            android:name="androidx.core.content.FileProvider"
67-->src/main/AndroidManifest.xml:52:13-62
68            android:authorities="com.aiclothes.app.fileprovider"
68-->src/main/AndroidManifest.xml:53:13-64
69            android:exported="false"
69-->src/main/AndroidManifest.xml:54:13-37
70            android:grantUriPermissions="true" >
70-->src/main/AndroidManifest.xml:55:13-47
71            <meta-data
71-->src/main/AndroidManifest.xml:56:13-58:54
72                android:name="android.support.FILE_PROVIDER_PATHS"
72-->src/main/AndroidManifest.xml:57:17-67
73                android:resource="@xml/file_paths" />
73-->src/main/AndroidManifest.xml:58:17-51
74        </provider>
75        <provider
75-->[androidx.emoji2:emoji2:1.2.0] AndroidManifest.xml:24:9-32:20
76            android:name="androidx.startup.InitializationProvider"
76-->[androidx.emoji2:emoji2:1.2.0] AndroidManifest.xml:25:13-67
77            android:authorities="com.aiclothes.app.androidx-startup"
77-->[androidx.emoji2:emoji2:1.2.0] AndroidManifest.xml:26:13-68
78            android:exported="false" >
78-->[androidx.emoji2:emoji2:1.2.0] AndroidManifest.xml:27:13-37
79            <meta-data
79-->[androidx.emoji2:emoji2:1.2.0] AndroidManifest.xml:29:13-31:52
80                android:name="androidx.emoji2.text.EmojiCompatInitializer"
80-->[androidx.emoji2:emoji2:1.2.0] AndroidManifest.xml:30:17-75
81                android:value="androidx.startup" />
81-->[androidx.emoji2:emoji2:1.2.0] AndroidManifest.xml:31:17-49
82            <meta-data
82-->[androidx.lifecycle:lifecycle-process:2.7.0] AndroidManifest.xml:29:13-31:52
83                android:name="androidx.lifecycle.ProcessLifecycleInitializer"
83-->[androidx.lifecycle:lifecycle-process:2.7.0] AndroidManifest.xml:30:17-78
84                android:value="androidx.startup" />
84-->[androidx.lifecycle:lifecycle-process:2.7.0] AndroidManifest.xml:31:17-49
85            <meta-data
85-->[androidx.profileinstaller:profileinstaller:1.3.0] AndroidManifest.xml:29:13-31:52
86                android:name="androidx.profileinstaller.ProfileInstallerInitializer"
86-->[androidx.profileinstaller:profileinstaller:1.3.0] AndroidManifest.xml:30:17-85
87                android:value="androidx.startup" />
87-->[androidx.profileinstaller:profileinstaller:1.3.0] AndroidManifest.xml:31:17-49
88        </provider>
89
90        <uses-library
90-->[androidx.window:window:1.0.0] AndroidManifest.xml:25:9-27:40
91            android:name="androidx.window.extensions"
91-->[androidx.window:window:1.0.0] AndroidManifest.xml:26:13-54
92            android:required="false" />
92-->[androidx.window:window:1.0.0] AndroidManifest.xml:27:13-37
93        <uses-library
93-->[androidx.window:window:1.0.0] AndroidManifest.xml:28:9-30:40
94            android:name="androidx.window.sidecar"
94-->[androidx.window:window:1.0.0] AndroidManifest.xml:29:13-51
95            android:required="false" />
95-->[androidx.window:window:1.0.0] AndroidManifest.xml:30:13-37
96
97        <receiver
97-->[androidx.profileinstaller:profileinstaller:1.3.0] AndroidManifest.xml:34:9-52:20
98            android:name="androidx.profileinstaller.ProfileInstallReceiver"
98-->[androidx.profileinstaller:profileinstaller:1.3.0] AndroidManifest.xml:35:13-76
99            android:directBootAware="false"
99-->[androidx.profileinstaller:profileinstaller:1.3.0] AndroidManifest.xml:36:13-44
100            android:enabled="true"
100-->[androidx.profileinstaller:profileinstaller:1.3.0] AndroidManifest.xml:37:13-35
101            android:exported="true"
101-->[androidx.profileinstaller:profileinstaller:1.3.0] AndroidManifest.xml:38:13-36
102            android:permission="android.permission.DUMP" >
102-->[androidx.profileinstaller:profileinstaller:1.3.0] AndroidManifest.xml:39:13-57
103            <intent-filter>
103-->[androidx.profileinstaller:profileinstaller:1.3.0] AndroidManifest.xml:40:13-42:29
104                <action android:name="androidx.profileinstaller.action.INSTALL_PROFILE" />
104-->[androidx.profileinstaller:profileinstaller:1.3.0] AndroidManifest.xml:41:17-91
104-->[androidx.profileinstaller:profileinstaller:1.3.0] AndroidManifest.xml:41:25-88
105            </intent-filter>
106            <intent-filter>
106-->[androidx.profileinstaller:profileinstaller:1.3.0] AndroidManifest.xml:43:13-45:29
107                <action android:name="androidx.profileinstaller.action.SKIP_FILE" />
107-->[androidx.profileinstaller:profileinstaller:1.3.0] AndroidManifest.xml:44:17-85
107-->[androidx.profileinstaller:profileinstaller:1.3.0] AndroidManifest.xml:44:25-82
108            </intent-filter>
109            <intent-filter>
109-->[androidx.profileinstaller:profileinstaller:1.3.0] AndroidManifest.xml:46:13-48:29
110                <action android:name="androidx.profileinstaller.action.SAVE_PROFILE" />
110-->[androidx.profileinstaller:profileinstaller:1.3.0] AndroidManifest.xml:47:17-88
110-->[androidx.profileinstaller:profileinstaller:1.3.0] AndroidManifest.xml:47:25-85
111            </intent-filter>
112            <intent-filter>
112-->[androidx.profileinstaller:profileinstaller:1.3.0] AndroidManifest.xml:49:13-51:29
113                <action android:name="androidx.profileinstaller.action.BENCHMARK_OPERATION" />
113-->[androidx.profileinstaller:profileinstaller:1.3.0] AndroidManifest.xml:50:17-95
113-->[androidx.profileinstaller:profileinstaller:1.3.0] AndroidManifest.xml:50:25-92
114            </intent-filter>
115        </receiver>
116    </application>
117
118</manifest>